Global frequency set at 1000000000000 ticks per second
gem5 Simulator System.  https://www.gem5.org
gem5 is copyrighted software; use the --copyright option for details.

gem5 version 25.1.0.0
gem5 compiled Mar 11 2026 08:12:36
gem5 started Mar 26 2026 03:57:25
gem5 executing on BlessyMol, pid 5360
command line: ../gem5/build/X86/gem5.opt --outdir=results/ptr_chase_shuffle/gem5_runs_ptr_chase_shuffle/b64B_a2 scripts/gem5_cache_sweep.py --cmd=benchmarks/bin/ptr_chase_shuffle --workload-name=ptr_chase_shuffle --cpu-type=AtomicSimpleCPU --mem-size=2GB --cache-size-kb=32 --block-size-bytes=64 --assoc=2

[gem5-config] CONFIG ARGS:
[gem5-config] cmd=benchmarks/bin/ptr_chase_shuffle
[gem5-config] workload_name=ptr_chase_shuffle
[gem5-config] cpu_type=AtomicSimpleCPU
[gem5-config] cache_size_kb=32
[gem5-config] block_size_bytes=64
[gem5-config] assoc_arg=2
[gem5-config] Cache Size (instance): 32768
[gem5-config] Associativity (instance): 2
[gem5-config] Block Size (bytes/system): 64
RESULT: pointer_chase mode=shuffled
Exiting @ tick 81140610000 because exiting with last active thread context
